2026-03-10 21:27:59,371 - src.telegram.notifier - INFO - 📨 Инициализация TelegramNotifier:
2026-03-10 21:27:59,372 - src.telegram.notifier - INFO -   Token загружен: True
2026-03-10 21:27:59,372 - src.telegram.notifier - INFO -   Token (первые 10 символов): 8568013672...
2026-03-10 21:27:59,372 - src.telegram.notifier - INFO -   Events channel: -1003259453074
2026-03-10 21:27:59,372 - src.telegram.notifier - INFO -   Logs channel: -1003364979937
✅ Database: успешное подключение
✅ Подключение к БД успешно
✅ Бот ADAUSDT (ID: 4) найден в БД
🔍 ДЕБАГ: Бот использует ID: 4
🔍 ДЕБАГ: Статус в БД для ID 4: active
✅ ExchangeClient: bybit (mainnet) инициализирован
✅ Стратегия: MACrossoverStrategy

🎯 Бот ADAUSDT готов к работе
⚙️  Настройки: TP=5.0%, SL=3.0%, TF=3min
💵 Размер ордера: $5 USDT, Плечо: 1x
📊 Макс. позиций: 1
📈 Стратегия: MACrossoverStrategy
======================================================================

🔄 СИНХРОНИЗАЦИЯ С БИРЖЕЙ
----------------------------------------
📊 Позиций на бирже: 1
📊 Открытых сделок в БД: 1
🔍 Проверка деталей позиций...
----------------------------------------
======================================================================
🤖 ЗАПУСК БОТА: ADAUSDT
📊 Торговая пара: ADAUSDT
======================================================================
ℹ️ Запуск основного цикла...
⚠️ Общий размер позиций 25.51 USDT превышает лимит 25.0

⏰ 11.03.2026 00:28:06 (UTC+3)
💰 Баланс: $22.21 USDT | P&L: +0.13/+0.14 | 📊 Позиций: 1/2/1
📊 Статус бота ADAUSDT записан в базу данных
⚠️ Достигнут лимит позиций (1)

🛑 Бот ADAUSDT остановлен пользователем
======================================================================
👋 Бот ADAUSDT завершил работу
📊 Логи сохранены в базу данных
======================================================================

⏰ 11.03.2026 00:28:20 (UTC+3)
💰 Баланс: $22.21 USDT | P&L: +0.14/+0.14 | 📊 Позиций: 1/2/1
📊 Статус бота ADAUSDT записан в базу данных

📊 Статистика работы:
   Сигналов получено: 0
   Ордеров размещено: 0
   Синхронизаций: 0
   Остановок по Telegram: 0
   Пропущено автосделок (бот остановлен): 0
   Ошибок: 0
