2026-03-10 21:28:04,513 - src.telegram.notifier - INFO - 📨 Инициализация TelegramNotifier:
2026-03-10 21:28:04,516 - src.telegram.notifier - INFO -   Token загружен: True
2026-03-10 21:28:04,516 - src.telegram.notifier - INFO -   Token (первые 10 символов): 8568013672...
2026-03-10 21:28:04,520 - src.telegram.notifier - INFO -   Events channel: -1003259453074
2026-03-10 21:28:04,520 - src.telegram.notifier - INFO -   Logs channel: -1003364979937
✅ Database: успешное подключение
✅ Подключение к БД успешно
✅ Бот BTCUSDT (ID: 5) найден в БД
🔍 ДЕБАГ: Бот использует ID: 5
🔍 ДЕБАГ: Статус в БД для ID 5: active
✅ ExchangeClient: bybit (mainnet) инициализирован
✅ Стратегия: MACDStrategy

🎯 Бот BTCUSDT готов к работе
⚙️  Настройки: TP=2.0%, SL=1.5%, TF=30min
💵 Размер ордера: $50 USDT, Плечо: 1x
📊 Макс. позиций: 1
📈 Стратегия: MACDStrategy
======================================================================

🔄 СИНХРОНИЗАЦИЯ С БИРЖЕЙ
----------------------------------------
📊 Позиций на бирже: 0
📊 Открытых сделок в БД: 0
✅ Состояние синхронизировано
----------------------------------------
======================================================================
🤖 ЗАПУСК БОТА: BTCUSDT
📊 Торговая пара: BTCUSDT
======================================================================
ℹ️ Запуск основного цикла...

⏰ 11.03.2026 00:28:11 (UTC+3)
💰 Баланс: $22.21 USDT | P&L: +0.05/+0.19 | 📊 Позиций: 0/2/1
📊 Статус бота BTCUSDT записан в базу данных
⚠️ Достигнут лимит позиций (1)

🛑 Бот BTCUSDT остановлен пользователем
======================================================================
👋 Бот BTCUSDT завершил работу
📊 Логи сохранены в базу данных
======================================================================

⏰ 11.03.2026 00:28:24 (UTC+3)
💰 Баланс: $22.21 USDT | P&L: +0.05/+0.19 | 📊 Позиций: 0/2/1
📊 Статус бота BTCUSDT записан в базу данных

📊 Статистика работы:
   Сигналов получено: 0
   Ордеров размещено: 0
   Синхронизаций: 0
   Остановок по Telegram: 0
   Пропущено автосделок (бот остановлен): 0
   Ошибок: 0
