2026-03-10 21:28:09,340 - src.telegram.notifier - INFO - 📨 Инициализация TelegramNotifier:
2026-03-10 21:28:09,341 - src.telegram.notifier - INFO -   Token загружен: True
2026-03-10 21:28:09,341 - src.telegram.notifier - INFO -   Token (первые 10 символов): 8568013672...
2026-03-10 21:28:09,342 - src.telegram.notifier - INFO -   Events channel: -1003259453074
2026-03-10 21:28:09,342 - src.telegram.notifier - INFO -   Logs channel: -1003364979937
✅ Database: успешное подключение
✅ Подключение к БД успешно
✅ Бот DOGEUSDT (ID: 6) найден в БД
🔍 ДЕБАГ: Бот использует ID: 6
🔍 ДЕБАГ: Статус в БД для ID 6: active
✅ ExchangeClient: bybit (mainnet) инициализирован
✅ Стратегия: MACrossoverStrategy

🎯 Бот DOGEUSDT готов к работе
⚙️  Настройки: TP=3.5%, SL=3.0%, TF=5min
💵 Размер ордера: $10 USDT, Плечо: 1x
📊 Макс. позиций: 1
📈 Стратегия: MACrossoverStrategy
======================================================================

🔄 СИНХРОНИЗАЦИЯ С БИРЖЕЙ
----------------------------------------
📊 Позиций на бирже: 0
📊 Открытых сделок в БД: 0
✅ Состояние синхронизировано
----------------------------------------
======================================================================
🤖 ЗАПУСК БОТА: DOGEUSDT
📊 Торговая пара: DOGEUSDT
======================================================================
ℹ️ Запуск основного цикла...
  📊 Пропущено старых/обработанных ордеров: 8/0

🛑 Бот DOGEUSDT остановлен пользователем

⏰ 11.03.2026 00:28:15 (UTC+3)
💰 Баланс: $22.21 USDT | P&L: -0.37/-0.23 | 📊 Позиций: 0/2/1
📊 Статус бота DOGEUSDT записан в базу данных
======================================================================
👋 Бот DOGEUSDT завершил работу
📊 Логи сохранены в базу данных
======================================================================

⏰ 11.03.2026 00:28:29 (UTC+3)
💰 Баланс: $22.21 USDT | P&L: -0.37/-0.23 | 📊 Позиций: 0/2/1
📊 Статус бота DOGEUSDT записан в базу данных

📊 Статистика работы:
   Сигналов получено: 0
   Ордеров размещено: 0
   Синхронизаций: 0
   Остановок по Telegram: 0
   Пропущено автосделок (бот остановлен): 0
   Ошибок: 0
