2026-03-10 21:28:11,444 - src.telegram.notifier - INFO - 📨 Инициализация TelegramNotifier:
2026-03-10 21:28:11,446 - src.telegram.notifier - INFO -   Token загружен: True
2026-03-10 21:28:11,446 - src.telegram.notifier - INFO -   Token (первые 10 символов): 8568013672...
2026-03-10 21:28:11,446 - src.telegram.notifier - INFO -   Events channel: -1003259453074
2026-03-10 21:28:11,446 - src.telegram.notifier - INFO -   Logs channel: -1003364979937
✅ Database: успешное подключение
✅ Подключение к БД успешно
✅ Бот ETHUSDT (ID: 7) найден в БД
🔍 ДЕБАГ: Бот использует ID: 7
🔍 ДЕБАГ: Статус в БД для ID 7: active
✅ ExchangeClient: bybit (mainnet) инициализирован
✅ Стратегия: MACrossoverStrategy

🎯 Бот ETHUSDT готов к работе
⚙️  Настройки: TP=3.5%, SL=3.0%, TF=5min
💵 Размер ордера: $10 USDT, Плечо: 1x
📊 Макс. позиций: 1
📈 Стратегия: MACrossoverStrategy
======================================================================

🔄 СИНХРОНИЗАЦИЯ С БИРЖЕЙ
----------------------------------------
📊 Позиций на бирже: 1
📊 Открытых сделок в БД: 1
🔍 Проверка деталей позиций...
----------------------------------------
======================================================================
🤖 ЗАПУСК БОТА: ETHUSDT
📊 Торговая пара: ETHUSDT
======================================================================
ℹ️ Запуск основного цикла...
  📊 Пропущено старых/обработанных ордеров: 7/16

🛑 Бот ETHUSDT остановлен пользователем

⏰ 11.03.2026 00:28:17 (UTC+3)
💰 Баланс: $22.21 USDT | P&L: -0.11/+0.03 | 📊 Позиций: 1/2/1
📊 Статус бота ETHUSDT записан в базу данных
======================================================================
👋 Бот ETHUSDT завершил работу
📊 Логи сохранены в базу данных
======================================================================

⏰ 11.03.2026 00:28:31 (UTC+3)
💰 Баланс: $22.21 USDT | P&L: -0.11/+0.03 | 📊 Позиций: 1/2/1
📊 Статус бота ETHUSDT записан в базу данных

📊 Статистика работы:
   Сигналов получено: 0
   Ордеров размещено: 0
   Синхронизаций: 0
   Остановок по Telegram: 0
   Пропущено автосделок (бот остановлен): 0
   Ошибок: 0
