2026-03-10 21:28:12,323 - src.telegram.notifier - INFO - 📨 Инициализация TelegramNotifier:
2026-03-10 21:28:12,323 - src.telegram.notifier - INFO -   Token загружен: True
2026-03-10 21:28:12,323 - src.telegram.notifier - INFO -   Token (первые 10 символов): 8568013672...
2026-03-10 21:28:12,323 - src.telegram.notifier - INFO -   Events channel: -1003259453074
2026-03-10 21:28:12,323 - src.telegram.notifier - INFO -   Logs channel: -1003364979937
✅ Database: успешное подключение
✅ Подключение к БД успешно
✅ Бот SOLUSDT (ID: 9) найден в БД
🔍 ДЕБАГ: Бот использует ID: 9
🔍 ДЕБАГ: Статус в БД для ID 9: active
✅ ExchangeClient: bybit (mainnet) инициализирован
✅ Стратегия: MACrossoverStrategy

🎯 Бот SOLUSDT готов к работе
⚙️  Настройки: TP=5.0%, SL=0.5%, TF=5min
💵 Размер ордера: $10 USDT, Плечо: 1x
📊 Макс. позиций: 1
📈 Стратегия: MACrossoverStrategy
======================================================================

🔄 СИНХРОНИЗАЦИЯ С БИРЖЕЙ
----------------------------------------
📊 Позиций на бирже: 0
📊 Открытых сделок в БД: 0
✅ Состояние синхронизировано
----------------------------------------
======================================================================
🤖 ЗАПУСК БОТА: SOLUSDT
📊 Торговая пара: SOLUSDT
======================================================================
ℹ️ Запуск основного цикла...

🛑 Бот SOLUSDT остановлен пользователем
  📊 Пропущено старых/обработанных ордеров: 24/1

⏰ 11.03.2026 00:28:18 (UTC+3)
💰 Баланс: $22.21 USDT | P&L: -0.02/+0.13 | 📊 Позиций: 0/2/1
📊 Статус бота SOLUSDT записан в базу данных
======================================================================
👋 Бот SOLUSDT завершил работу
📊 Логи сохранены в базу данных
======================================================================

⏰ 11.03.2026 00:28:31 (UTC+3)
💰 Баланс: $22.21 USDT | P&L: -0.02/+0.12 | 📊 Позиций: 0/2/1
📊 Статус бота SOLUSDT записан в базу данных

📊 Статистика работы:
   Сигналов получено: 0
   Ордеров размещено: 0
   Синхронизаций: 0
   Остановок по Telegram: 0
   Пропущено автосделок (бот остановлен): 0
   Ошибок: 0
