2026-03-10 21:28:12,520 - src.telegram.notifier - INFO - 📨 Инициализация TelegramNotifier:
2026-03-10 21:28:12,521 - src.telegram.notifier - INFO -   Token загружен: True
2026-03-10 21:28:12,521 - src.telegram.notifier - INFO -   Token (первые 10 символов): 8568013672...
2026-03-10 21:28:12,521 - src.telegram.notifier - INFO -   Events channel: -1003259453074
2026-03-10 21:28:12,521 - src.telegram.notifier - INFO -   Logs channel: -1003364979937
✅ Database: успешное подключение
✅ Подключение к БД успешно
✅ Бот XRPUSDT (ID: 10) найден в БД
🔍 ДЕБАГ: Бот использует ID: 10
🔍 ДЕБАГ: Статус в БД для ID 10: active
✅ ExchangeClient: bybit (mainnet) инициализирован
✅ Стратегия: MACrossoverStrategy

🎯 Бот XRPUSDT готов к работе
⚙️  Настройки: TP=4.0%, SL=10.0%, TF=5min
💵 Размер ордера: $10 USDT, Плечо: 1x
📊 Макс. позиций: 1
📈 Стратегия: MACrossoverStrategy
======================================================================

🔄 СИНХРОНИЗАЦИЯ С БИРЖЕЙ
----------------------------------------
📊 Позиций на бирже: 0
📊 Открытых сделок в БД: 0
✅ Состояние синхронизировано
----------------------------------------
======================================================================
🤖 ЗАПУСК БОТА: XRPUSDT
📊 Торговая пара: XRPUSDT
======================================================================
ℹ️ Запуск основного цикла...

🛑 Бот XRPUSDT остановлен пользователем
======================================================================
👋 Бот XRPUSDT завершил работу
📊 Логи сохранены в базу данных
======================================================================

⏰ 11.03.2026 00:28:17 (UTC+3)
💰 Баланс: $22.21 USDT | P&L: +0.00/+0.14 | 📊 Позиций: 0/2/1
📊 Статус бота XRPUSDT записан в базу данных

📊 Статистика работы:
   Сигналов получено: 0
   Ордеров размещено: 0
   Синхронизаций: 0
   Остановок по Telegram: 0
   Пропущено автосделок (бот остановлен): 0
   Ошибок: 0
